# JRE version: Java(TM) SE Runtime Environment (8.0_141-b15) (build 1.8.0_141-b15)
# Java VM: Java HotSpot(TM) 64-Bit Server VM (25.141-b15 mixed mode windows-amd64 compressed oops)
Heap:
 PSYoungGen      total 42496K, used 33823K [0x00000000d5d00000, 0x00000000d9500000, 0x0000000100000000)
  eden space 30720K, 72% used [0x00000000d5d00000,0x00000000d72d5120,0x00000000d7b00000)
  from space 11776K, 97% used [0x00000000d7b80000,0x00000000d86b2bd0,0x00000000d8700000)
  to   space 13312K, 0% used [0x00000000d8800000,0x00000000d8800000,0x00000000d9500000)
 ParOldGen       total 87552K, used 16932K [0x0000000081600000, 0x0000000086b80000, 0x00000000d5d00000)
  object space 87552K, 19% used [0x0000000081600000,0x0000000082689240,0x0000000086b80000)
 Metaspace       used 20609K, capacity 21214K, committed 21296K, reserved 1067008K
  class space    used 2835K, capacity 3037K, committed 3072K, reserved 1048576K
GC Heap History (10 events):
Event: 23.263 GC heap before
{Heap before GC invocations=5 (full 0):
 PSYoungGen      total 38400K, used 38032K [0x00000000d5d00000, 0x00000000d8780000, 0x0000000100000000)
  eden space 33280K, 98% used [0x00000000d5d00000,0x00000000d7d28158,0x00000000d7d80000)
  from space 5120K, 99% used [0x00000000d8280000,0x00000000d877c208,0x00000000d8780000)
  to   space 5120K, 0% used [0x00000000d7d80000,0x00000000d7d80000,0x00000000d8280000)
 ParOldGen       total 87552K, used 9626K [0x0000000081600000, 0x0000000086b80000, 0x00000000d5d00000)
  object space 87552K, 10% used [0x0000000081600000,0x0000000081f66bf8,0x0000000086b80000)
 Metaspace       used 20002K, capacity 20544K, committed 20736K, reserved 1067008K
  class space    used 2788K, capacity 2978K, committed 3072K, reserved 1048576K
Event: 23.267 GC heap after
Heap after GC invocations=5 (full 0):
 PSYoungGen      total 37888K, used 4208K [0x00000000d5d00000, 0x00000000d9200000, 0x0000000100000000)
  eden space 32768K, 0% used [0x00000000d5d00000,0x00000000d5d00000,0x00000000d7d00000)
  from space 5120K, 82% used [0x00000000d7d80000,0x00000000d819c218,0x00000000d8280000)
  to   space 10752K, 0% used [0x00000000d8780000,0x00000000d8780000,0x00000000d9200000)
 ParOldGen       total 87552K, used 12801K [0x0000000081600000, 0x0000000086b80000, 0x00000000d5d00000)
  object space 87552K, 14% used [0x0000000081600000,0x0000000082280688,0x0000000086b80000)
 Metaspace       used 20002K, capacity 20544K, committed 20736K, reserved 1067008K
  class space    used 2788K, capacity 2978K, committed 3072K, reserved 1048576K
}
Event: 25.460 GC heap before
{Heap before GC invocations=6 (full 0):
 PSYoungGen      total 37888K, used 36541K [0x00000000d5d00000, 0x00000000d9200000, 0x0000000100000000)
  eden space 32768K, 98% used [0x00000000d5d00000,0x00000000d7c93480,0x00000000d7d00000)
  from space 5120K, 82% used [0x00000000d7d80000,0x00000000d819c218,0x00000000d8280000)
  to   space 10752K, 0% used [0x00000000d8780000,0x00000000d8780000,0x00000000d9200000)
 ParOldGen       total 87552K, used 12801K [0x0000000081600000, 0x0000000086b80000, 0x00000000d5d00000)
  object space 87552K, 14% used [0x0000000081600000,0x0000000082280688,0x0000000086b80000)
 Metaspace       used 20105K, capacity 20682K, committed 20992K, reserved 1067008K
  class space    used 2794K, capacity 2979K, committed 3072K, reserved 1048576K
Event: 25.465 GC heap after
Heap after GC invocations=6 (full 0):
 PSYoungGen      total 43008K, used 8123K [0x00000000d5d00000, 0x00000000d9280000, 0x0000000100000000)
  eden space 32256K, 0% used [0x00000000d5d00000,0x00000000d5d00000,0x00000000d7c80000)
  from space 10752K, 75% used [0x00000000d8780000,0x00000000d8f6efb0,0x00000000d9200000)
  to   space 11264K, 0% used [0x00000000d7c80000,0x00000000d7c80000,0x00000000d8780000)
 ParOldGen       total 87552K, used 12809K [0x0000000081600000, 0x0000000086b80000, 0x00000000d5d00000)
  object space 87552K, 14% used [0x0000000081600000,0x0000000082282688,0x0000000086b80000)
 Metaspace       used 20105K, capacity 20682K, committed 20992K, reserved 1067008K
  class space    used 2794K, capacity 2979K, committed 3072K, reserved 1048576K
}
Event: 43.981 GC heap before
{Heap before GC invocations=7 (full 0):
 PSYoungGen      total 43008K, used 40324K [0x00000000d5d00000, 0x00000000d9280000, 0x0000000100000000)
  eden space 32256K, 99% used [0x00000000d5d00000,0x00000000d7c72360,0x00000000d7c80000)
  from space 10752K, 75% used [0x00000000d8780000,0x00000000d8f6efb0,0x00000000d9200000)
  to   space 11264K, 0% used [0x00000000d7c80000,0x00000000d7c80000,0x00000000d8780000)
 ParOldGen       total 87552K, used 12809K [0x0000000081600000, 0x0000000086b80000, 0x00000000d5d00000)
  object space 87552K, 14% used [0x0000000081600000,0x0000000082282688,0x0000000086b80000)
 Metaspace       used 20369K, capacity 20962K, committed 21248K, reserved 1067008K
  class space    used 2809K, capacity 2981K, committed 3072K, reserved 1048576K
Event: 43.988 GC heap after
Heap after GC invocations=7 (full 0):
 PSYoungGen      total 43008K, used 1347K [0x00000000d5d00000, 0x00000000d9300000, 0x0000000100000000)
  eden space 31744K, 0% used [0x00000000d5d00000,0x00000000d5d00000,0x00000000d7c00000)
  from space 11264K, 11% used [0x00000000d7c80000,0x00000000d7dd0cb0,0x00000000d8780000)
  to   space 11776K, 0% used [0x00000000d8780000,0x00000000d8780000,0x00000000d9300000)
 ParOldGen       total 87552K, used 16132K [0x0000000081600000, 0x0000000086b80000, 0x00000000d5d00000)
  object space 87552K, 18% used [0x0000000081600000,0x00000000825c11d0,0x0000000086b80000)
 Metaspace       used 20369K, capacity 20962K, committed 21248K, reserved 1067008K
  class space    used 2809K, capacity 2981K, committed 3072K, reserved 1048576K
}
Event: 48.281 GC heap before
{Heap before GC invocations=8 (full 0):
 PSYoungGen      total 43008K, used 32756K [0x00000000d5d00000, 0x00000000d9300000, 0x0000000100000000)
  eden space 31744K, 98% used [0x00000000d5d00000,0x00000000d7bac580,0x00000000d7c00000)
  from space 11264K, 11% used [0x00000000d7c80000,0x00000000d7dd0cb0,0x00000000d8780000)
  to   space 11776K, 0% used [0x00000000d8780000,0x00000000d8780000,0x00000000d9300000)
 ParOldGen       total 87552K, used 16132K [0x0000000081600000, 0x0000000086b80000, 0x00000000d5d00000)
  object space 87552K, 18% used [0x0000000081600000,0x00000000825c11d0,0x0000000086b80000)
 Metaspace       used 20504K, capacity 21088K, committed 21248K, reserved 1067008K
  class space    used 2828K, capacity 3000K, committed 3072K, reserved 1048576K
Event: 48.284 GC heap after
Heap after GC invocations=8 (full 0):
 PSYoungGen      total 42496K, used 4088K [0x00000000d5d00000, 0x00000000d9280000, 0x0000000100000000)
  eden space 31232K, 0% used [0x00000000d5d00000,0x00000000d5d00000,0x00000000d7b80000)
  from space 11264K, 36% used [0x00000000d8780000,0x00000000d8b7e120,0x00000000d9280000)
  to   space 11776K, 0% used [0x00000000d7b80000,0x00000000d7b80000,0x00000000d8700000)
 ParOldGen       total 87552K, used 16892K [0x0000000081600000, 0x0000000086b80000, 0x00000000d5d00000)
  object space 87552K, 19% used [0x0000000081600000,0x000000008267f240,0x0000000086b80000)
 Metaspace       used 20504K, capacity 21088K, committed 21248K, reserved 1067008K
  class space    used 2828K, capacity 3000K, committed 3072K, reserved 1048576K
}
Event: 131.589 GC heap before
{Heap before GC invocations=9 (full 0):
 PSYoungGen      total 42496K, used 33486K [0x00000000d5d00000, 0x00000000d9280000, 0x0000000100000000)
  eden space 31232K, 94% used [0x00000000d5d00000,0x00000000d79b5948,0x00000000d7b80000)
  from space 11264K, 36% used [0x00000000d8780000,0x00000000d8b7e120,0x00000000d9280000)
  to   space 11776K, 0% used [0x00000000d7b80000,0x00000000d7b80000,0x00000000d8700000)
 ParOldGen       total 87552K, used 16892K [0x0000000081600000, 0x0000000086b80000, 0x00000000d5d00000)
  object space 87552K, 19% used [0x0000000081600000,0x000000008267f240,0x0000000086b80000)
 Metaspace       used 20512K, capacity 21094K, committed 21248K, reserved 1067008K
  class space    used 2829K, capacity 3001K, committed 3072K, reserved 1048576K
Event: 131.592 GC heap after
Heap after GC invocations=9 (full 0):
 PSYoungGen      total 42496K, used 11466K [0x00000000d5d00000, 0x00000000d9500000, 0x0000000100000000)
  eden space 30720K, 0% used [0x00000000d5d00000,0x00000000d5d00000,0x00000000d7b00000)
  from space 11776K, 97% used [0x00000000d7b80000,0x00000000d86b2bd0,0x00000000d8700000)
  to   space 13312K, 0% used [0x00000000d8800000,0x00000000d8800000,0x00000000d9500000)
 ParOldGen       total 87552K, used 16932K [0x0000000081600000, 0x0000000086b80000, 0x00000000d5d00000)
  object space 87552K, 19% used [0x0000000081600000,0x0000000082689240,0x0000000086b80000)
 Metaspace       used 20512K, capacity 21094K, committed 21248K, reserved 1067008K
  class space    used 2829K, capacity 3001K, committed 3072K, reserved 1048576K
}

